<?xml version="1.0" encoding="UTF-8"?>
<!-- Generated by org.testng.reporters.JUnitXMLReporter -->
<testsuite ignored="0" hostname="DESKTOP-CP4S73C" failures="1" tests="2" name="Retry Failed testcases" time="0.098" errors="0" timestamp="2019-11-25T22:50:53 IST">
  <testcase classname="testNG.FailedTestNG" name="Test1" time="0.03">
    <failure type="java.lang.AssertionError" message="expected [true] but found [false]">
      <![CDATA[java.lang.AssertionError: expected [true] but found [false]
at testNG.FailedTestNG.Test1(FailedTestNG.java:12)
at java.base/java.util.ArrayList.forEach(ArrayList.java:1507)
... Removed 32 stack frames]]>
    </failure>
  </testcase> <!-- Test1 -->
  <testcase classname="testNG.FailedTestNG" name="Test2" time="0.015"/>
</testsuite> <!-- Retry Failed testcases -->
