<?xml version="1.0" encoding="UTF-8"?>
<testng-results ignored="0" total="1" passed="1" failed="0" skipped="0">
  <reporter-output>
  </reporter-output>
  <suite started-at="2019-11-28T17:09:54 IST" name="Default suite" finished-at="2019-11-28T17:10:12 IST" duration-ms="17740">
    <groups>
    </groups>
    <test started-at="2019-11-28T17:09:54 IST" name="Default test" finished-at="2019-11-28T17:10:12 IST" duration-ms="17740">
      <class name="testNG.ReportsLog4J">
        <test-method is-config="true" signature="setUp()[pri:0, instance:testNG.ReportsLog4J@49c386c8]" started-at="2019-11-28T17:09:55 IST" name="setUp" finished-at="2019-11-28T17:10:09 IST" duration-ms="14357" status="PASS">
          <reporter-output>
          </reporter-output>
        </test-method> <!-- setUp -->
        <test-method signature="login()[pri:0, instance:testNG.ReportsLog4J@49c386c8]" started-at="2019-11-28T17:10:09 IST" name="login" finished-at="2019-11-28T17:10:12 IST" duration-ms="3320" status="PASS">
          <reporter-output>
          </reporter-output>
        </test-method> <!-- login -->
      </class> <!-- testNG.ReportsLog4J -->
    </test> <!-- Default test -->
  </suite> <!-- Default suite -->
</testng-results>
